<?xml version="1.0" encoding="UTF-8"?>
<!-- Generated by org.testng.reporters.JUnitReportReporter -->
<testsuite skipped="0" hostname="DESKTOP-08I2GPS" name="com.revature.pageObjModel.Tests.TestPageModel" tests="1" failures="0" timestamp="2019-11-27T17:54:55 IST" time="116.564" errors="0">
  <testcase name="ConnectionTest" time="116.564" classname="com.revature.pageObjModel.Tests.TestPageModel"/>
</testsuite> <!-- com.revature.pageObjModel.Tests.TestPageModel -->
