<?xml version="1.0" encoding="UTF-8"?>
<!-- Generated by org.testng.reporters.JUnitReportReporter -->
<testsuite skipped="0" hostname="DESKTOP-08I2GPS" name="com.revature.normalmethod.ChromeConnection" tests="1" failures="0" timestamp="2019-11-27T15:39:38 IST" time="17.356" errors="0">
  <testcase name="getChromeConnection" time="17.356" classname="com.revature.normalmethod.ChromeConnection"/>
</testsuite> <!-- com.revature.normalmethod.ChromeConnection -->
